2022-01-29 18:57:27.096  INFO 11042 --- [main] ucerConsumerSpringBootProjectApplication : Starting KafkaProducerConsumerSpringBootProjectApplication using Java 1.8.0_202 on L-FVFFLPQ2Q05D.local with PID 11042 (/Users/garimajeena/Desktop/lenskart_java_tasks/KafkaProducerConsumerSpringBootProject/target/classes started by garimajeena in /Users/garimajeena/Desktop/lenskart_java_tasks/KafkaProducerConsumerSpringBootProject)
2022-01-29 18:57:27.102  INFO 11042 --- [main] ucerConsumerSpringBootProjectApplication : No active profile set, falling back to default profiles: default
2022-01-29 18:57:27.870  INFO 11042 --- [main] .s.d.r.c.RepositoryConfigurationDelegate : Bootstrapping Spring Data MongoDB repositories in DEFAULT mode.
2022-01-29 18:57:27.954  INFO 11042 --- [main] .s.d.r.c.RepositoryConfigurationDelegate : Finished Spring Data repository scanning in 77 ms. Found 1 MongoDB repository interfaces.
2022-01-29 18:57:28.428  INFO 11042 --- [main] o.s.b.w.embedded.tomcat.TomcatWebServer  : Tomcat initialized with port(s): 8081 (http)
2022-01-29 18:57:28.435  INFO 11042 --- [main] o.apache.catalina.core.StandardService   : Starting service [Tomcat]
2022-01-29 18:57:28.435  INFO 11042 --- [main] org.apache.catalina.core.StandardEngine  : Starting Servlet engine: [Apache Tomcat/9.0.56]
2022-01-29 18:57:28.497  INFO 11042 --- [main] o.a.c.c.C.[Tomcat].[localhost].[/]       : Initializing Spring embedded WebApplicationContext
2022-01-29 18:57:28.498  INFO 11042 --- [main] w.s.c.ServletWebServerApplicationContext : Root WebApplicationContext: initialization completed in 1303 ms
2022-01-29 18:57:28.636  INFO 11042 --- [main] org.mongodb.driver.cluster               : Cluster created with settings {hosts=[localhost:27017], mode=SINGLE, requiredClusterType=UNKNOWN, serverSelectionTimeout='30000 ms'}
2022-01-29 18:57:28.716  INFO 11042 --- [cluster-rtt-ClusterId{value='61f540c042c62c30d11bd0b3', description='null'}-localhost:27017] org.mongodb.driver.connection            : Opened connection [connectionId{localValue:2, serverValue:7}] to localhost:27017
2022-01-29 18:57:28.716  INFO 11042 --- [cluster-ClusterId{value='61f540c042c62c30d11bd0b3', description='null'}-localhost:27017] org.mongodb.driver.connection            : Opened connection [connectionId{localValue:1, serverValue:6}] to localhost:27017
2022-01-29 18:57:28.716  INFO 11042 --- [cluster-ClusterId{value='61f540c042c62c30d11bd0b3', description='null'}-localhost:27017] org.mongodb.driver.cluster               : Monitor thread successfully connected to server with description ServerDescription{address=localhost:27017, type=STANDALONE, state=CONNECTED, ok=true, minWireVersion=0, maxWireVersion=13, maxDocumentSize=16777216, logicalSessionTimeoutMinutes=30, roundTripTimeNanos=50537250}
2022-01-29 18:57:29.567  INFO 11042 --- [main] o.a.k.clients.consumer.ConsumerConfig    : ConsumerConfig values: 
	allow.auto.create.topics = true
	auto.commit.interval.ms = 5000
	auto.offset.reset = latest
	bootstrap.servers = [127.0.0.1:9092]
	check.crcs = true
	client.dns.lookup = use_all_dns_ips
	client.id = consumer-SpringGroup-1
	client.rack = 
	connections.max.idle.ms = 540000
	default.api.timeout.ms = 60000
	enable.auto.commit = false
	exclude.internal.topics = true
	fetch.max.bytes = 52428800
	fetch.max.wait.ms = 500
	fetch.min.bytes = 1
	group.id = SpringGroup
	group.instance.id = null
	heartbeat.interval.ms = 3000
	interceptor.classes = []
	internal.leave.group.on.close = true
	internal.throw.on.fetch.stable.offset.unsupported = false
	isolation.level = read_uncommitted
	key.deserializer = class org.apache.kafka.common.serialization.StringDeserializer
	max.partition.fetch.bytes = 1048576
	max.poll.interval.ms = 300000
	max.poll.records = 500
	metadata.max.age.ms = 300000
	metric.reporters = []
	metrics.num.samples = 2
	metrics.recording.level = INFO
	metrics.sample.window.ms = 30000
	partition.assignment.strategy = [class org.apache.kafka.clients.consumer.RangeAssignor, class org.apache.kafka.clients.consumer.CooperativeStickyAssignor]
	receive.buffer.bytes = 65536
	reconnect.backoff.max.ms = 1000
	reconnect.backoff.ms = 50
	request.timeout.ms = 30000
	retry.backoff.ms = 100
	sasl.client.callback.handler.class = null
	sasl.jaas.config = null
	sasl.kerberos.kinit.cmd = /usr/bin/kinit
	sasl.kerberos.min.time.before.relogin = 60000
	sasl.kerberos.service.name = null
	sasl.kerberos.ticket.renew.jitter = 0.05
	sasl.kerberos.ticket.renew.window.factor = 0.8
	sasl.login.callback.handler.class = null
	sasl.login.class = null
	sasl.login.refresh.buffer.seconds = 300
	sasl.login.refresh.min.period.seconds = 60
	sasl.login.refresh.window.factor = 0.8
	sasl.login.refresh.window.jitter = 0.05
	sasl.mechanism = GSSAPI
	security.protocol = PLAINTEXT
	security.providers = null
	send.buffer.bytes = 131072
	session.timeout.ms = 45000
	socket.connection.setup.timeout.max.ms = 30000
	socket.connection.setup.timeout.ms = 10000
	ssl.cipher.suites = null
	ssl.enabled.protocols = [TLSv1.2]
	ssl.endpoint.identification.algorithm = https
	ssl.engine.factory.class = null
	ssl.key.password = null
	ssl.keymanager.algorithm = SunX509
	ssl.keystore.certificate.chain = null
	ssl.keystore.key = null
	ssl.keystore.location = null
	ssl.keystore.password = null
	ssl.keystore.type = JKS
	ssl.protocol = TLSv1.2
	ssl.provider = null
	ssl.secure.random.implementation = null
	ssl.trustmanager.algorithm = PKIX
	ssl.truststore.certificates = null
	ssl.truststore.location = null
	ssl.truststore.password = null
	ssl.truststore.type = JKS
	value.deserializer = class org.springframework.kafka.support.serializer.JsonDeserializer

2022-01-29 18:57:29.632  INFO 11042 --- [main] o.a.kafka.common.utils.AppInfoParser     : Kafka version: 3.0.0
2022-01-29 18:57:29.633  INFO 11042 --- [main] o.a.kafka.common.utils.AppInfoParser     : Kafka commitId: 8cb0a5e9d3441962
2022-01-29 18:57:29.633  INFO 11042 --- [main] o.a.kafka.common.utils.AppInfoParser     : Kafka startTimeMs: 1643462849630
2022-01-29 18:57:29.636  INFO 11042 --- [main] o.a.k.clients.consumer.KafkaConsumer     : [Consumer clientId=consumer-SpringGroup-1, groupId=SpringGroup] Subscribed to topic(s): SpringTask
2022-01-29 18:57:29.661  INFO 11042 --- [main] o.s.b.w.embedded.tomcat.TomcatWebServer  : Tomcat started on port(s): 8081 (http) with context path ''
2022-01-29 18:57:29.670  INFO 11042 --- [main] ucerConsumerSpringBootProjectApplication : Started KafkaProducerConsumerSpringBootProjectApplication in 3.053 seconds (JVM running for 3.763)
2022-01-29 18:57:29.831  WARN 11042 --- [org.springframework.kafka.KafkaListenerEndpointContainer#0-0-C-1] org.apache.kafka.clients.NetworkClient   : [Consumer clientId=consumer-SpringGroup-1, groupId=SpringGroup] Connection to node -1 (/127.0.0.1:9092) could not be established. Broker may not be available.
2022-01-29 18:57:29.833  WARN 11042 --- [org.springframework.kafka.KafkaListenerEndpointContainer#0-0-C-1] org.apache.kafka.clients.NetworkClient   : [Consumer clientId=consumer-SpringGroup-1, groupId=SpringGroup] Bootstrap broker 127.0.0.1:9092 (id: -1 rack: null) disconnected
2022-01-29 18:57:29.936  WARN 11042 --- [org.springframework.kafka.KafkaListenerEndpointContainer#0-0-C-1] org.apache.kafka.clients.NetworkClient   : [Consumer clientId=consumer-SpringGroup-1, groupId=SpringGroup] Connection to node -1 (/127.0.0.1:9092) could not be established. Broker may not be available.
2022-01-29 18:57:29.936  WARN 11042 --- [org.springframework.kafka.KafkaListenerEndpointContainer#0-0-C-1] org.apache.kafka.clients.NetworkClient   : [Consumer clientId=consumer-SpringGroup-1, groupId=SpringGroup] Bootstrap broker 127.0.0.1:9092 (id: -1 rack: null) disconnected
2022-01-29 18:57:30.094  WARN 11042 --- [org.springframework.kafka.KafkaListenerEndpointContainer#0-0-C-1] org.apache.kafka.clients.NetworkClient   : [Consumer clientId=consumer-SpringGroup-1, groupId=SpringGroup] Connection to node -1 (/127.0.0.1:9092) could not be established. Broker may not be available.
2022-01-29 18:57:30.094  WARN 11042 --- [org.springframework.kafka.KafkaListenerEndpointContainer#0-0-C-1] org.apache.kafka.clients.NetworkClient   : [Consumer clientId=consumer-SpringGroup-1, groupId=SpringGroup] Bootstrap broker 127.0.0.1:9092 (id: -1 rack: null) disconnected
2022-01-29 18:57:30.309  WARN 11042 --- [org.springframework.kafka.KafkaListenerEndpointContainer#0-0-C-1] org.apache.kafka.clients.NetworkClient   : [Consumer clientId=consumer-SpringGroup-1, groupId=SpringGroup] Connection to node -1 (/127.0.0.1:9092) could not be established. Broker may not be available.
2022-01-29 18:57:30.310  WARN 11042 --- [org.springframework.kafka.KafkaListenerEndpointContainer#0-0-C-1] org.apache.kafka.clients.NetworkClient   : [Consumer clientId=consumer-SpringGroup-1, groupId=SpringGroup] Bootstrap broker 127.0.0.1:9092 (id: -1 rack: null) disconnected
2022-01-29 18:57:30.746  WARN 11042 --- [org.springframework.kafka.KafkaListenerEndpointContainer#0-0-C-1] org.apache.kafka.clients.NetworkClient   : [Consumer clientId=consumer-SpringGroup-1, groupId=SpringGroup] Connection to node -1 (/127.0.0.1:9092) could not be established. Broker may not be available.
2022-01-29 18:57:30.749  WARN 11042 --- [org.springframework.kafka.KafkaListenerEndpointContainer#0-0-C-1] org.apache.kafka.clients.NetworkClient   : [Consumer clientId=consumer-SpringGroup-1, groupId=SpringGroup] Bootstrap broker 127.0.0.1:9092 (id: -1 rack: null) disconnected
2022-01-29 18:57:31.454  WARN 11042 --- [org.springframework.kafka.KafkaListenerEndpointContainer#0-0-C-1] org.apache.kafka.clients.NetworkClient   : [Consumer clientId=consumer-SpringGroup-1, groupId=SpringGroup] Connection to node -1 (/127.0.0.1:9092) could not be established. Broker may not be available.
2022-01-29 18:57:31.455  WARN 11042 --- [org.springframework.kafka.KafkaListenerEndpointContainer#0-0-C-1] org.apache.kafka.clients.NetworkClient   : [Consumer clientId=consumer-SpringGroup-1, groupId=SpringGroup] Bootstrap broker 127.0.0.1:9092 (id: -1 rack: null) disconnected
2022-01-29 18:57:32.481  WARN 11042 --- [org.springframework.kafka.KafkaListenerEndpointContainer#0-0-C-1] org.apache.kafka.clients.NetworkClient   : [Consumer clientId=consumer-SpringGroup-1, groupId=SpringGroup] Connection to node -1 (/127.0.0.1:9092) could not be established. Broker may not be available.
2022-01-29 18:57:32.481  WARN 11042 --- [org.springframework.kafka.KafkaListenerEndpointContainer#0-0-C-1] org.apache.kafka.clients.NetworkClient   : [Consumer clientId=consumer-SpringGroup-1, groupId=SpringGroup] Bootstrap broker 127.0.0.1:9092 (id: -1 rack: null) disconnected
2022-01-29 18:57:32.598  INFO 11042 --- [RMI TCP Connection(2)-127.0.0.1] inMXBeanRegistrar$SpringApplicationAdmin : Application shutdown requested.
2022-01-29 18:57:32.610  INFO 11042 --- [org.springframework.kafka.KafkaListenerEndpointContainer#0-0-C-1] o.a.k.c.c.internals.ConsumerCoordinator  : [Consumer clientId=consumer-SpringGroup-1, groupId=SpringGroup] Resetting generation due to: consumer pro-actively leaving the group
2022-01-29 18:57:32.610  INFO 11042 --- [org.springframework.kafka.KafkaListenerEndpointContainer#0-0-C-1] o.a.k.c.c.internals.ConsumerCoordinator  : [Consumer clientId=consumer-SpringGroup-1, groupId=SpringGroup] Request joining group due to: consumer pro-actively leaving the group
2022-01-29 18:57:32.610  INFO 11042 --- [org.springframework.kafka.KafkaListenerEndpointContainer#0-0-C-1] o.a.k.clients.consumer.KafkaConsumer     : [Consumer clientId=consumer-SpringGroup-1, groupId=SpringGroup] Unsubscribed all topics or patterns and assigned partitions
2022-01-29 18:57:32.611  INFO 11042 --- [org.springframework.kafka.KafkaListenerEndpointContainer#0-0-C-1] o.a.k.c.c.internals.ConsumerCoordinator  : [Consumer clientId=consumer-SpringGroup-1, groupId=SpringGroup] Resetting generation due to: consumer pro-actively leaving the group
2022-01-29 18:57:32.611  INFO 11042 --- [org.springframework.kafka.KafkaListenerEndpointContainer#0-0-C-1] o.a.k.c.c.internals.ConsumerCoordinator  : [Consumer clientId=consumer-SpringGroup-1, groupId=SpringGroup] Request joining group due to: consumer pro-actively leaving the group
2022-01-29 18:57:32.612  INFO 11042 --- [org.springframework.kafka.KafkaListenerEndpointContainer#0-0-C-1] org.apache.kafka.common.metrics.Metrics  : Metrics scheduler closed
2022-01-29 18:57:32.613  INFO 11042 --- [org.springframework.kafka.KafkaListenerEndpointContainer#0-0-C-1] org.apache.kafka.common.metrics.Metrics  : Closing reporter org.apache.kafka.common.metrics.JmxReporter
2022-01-29 18:57:32.613  INFO 11042 --- [org.springframework.kafka.KafkaListenerEndpointContainer#0-0-C-1] org.apache.kafka.common.metrics.Metrics  : Metrics reporters closed
2022-01-29 18:57:32.618  INFO 11042 --- [org.springframework.kafka.KafkaListenerEndpointContainer#0-0-C-1] o.a.kafka.common.utils.AppInfoParser     : App info kafka.consumer for consumer-SpringGroup-1 unregistered
2022-01-29 18:57:32.619  INFO 11042 --- [org.springframework.kafka.KafkaListenerEndpointContainer#0-0-C-1] o.s.k.l.KafkaMessageListenerContainer    : SpringGroup: Consumer stopped
2022-01-29 18:57:53.380  INFO 11356 --- [main] ucerConsumerSpringBootProjectApplication : Starting KafkaProducerConsumerSpringBootProjectApplication using Java 1.8.0_202 on L-FVFFLPQ2Q05D.local with PID 11356 (/Users/garimajeena/Desktop/lenskart_java_tasks/KafkaProducerConsumerSpringBootProject/target/classes started by garimajeena in /Users/garimajeena/Desktop/lenskart_java_tasks/KafkaProducerConsumerSpringBootProject)
2022-01-29 18:57:53.384  INFO 11356 --- [main] ucerConsumerSpringBootProjectApplication : No active profile set, falling back to default profiles: default
2022-01-29 18:57:54.126  INFO 11356 --- [main] .s.d.r.c.RepositoryConfigurationDelegate : Bootstrapping Spring Data MongoDB repositories in DEFAULT mode.
2022-01-29 18:57:54.176  INFO 11356 --- [main] .s.d.r.c.RepositoryConfigurationDelegate : Finished Spring Data repository scanning in 46 ms. Found 1 MongoDB repository interfaces.
2022-01-29 18:57:54.718  INFO 11356 --- [main] o.s.b.w.embedded.tomcat.TomcatWebServer  : Tomcat initialized with port(s): 8081 (http)
2022-01-29 18:57:54.725  INFO 11356 --- [main] o.apache.catalina.core.StandardService   : Starting service [Tomcat]
2022-01-29 18:57:54.725  INFO 11356 --- [main] org.apache.catalina.core.StandardEngine  : Starting Servlet engine: [Apache Tomcat/9.0.56]
2022-01-29 18:57:54.795  INFO 11356 --- [main] o.a.c.c.C.[Tomcat].[localhost].[/]       : Initializing Spring embedded WebApplicationContext
2022-01-29 18:57:54.795  INFO 11356 --- [main] w.s.c.ServletWebServerApplicationContext : Root WebApplicationContext: initialization completed in 1268 ms
2022-01-29 18:57:54.938  INFO 11356 --- [main] org.mongodb.driver.cluster               : Cluster created with settings {hosts=[localhost:27017], mode=SINGLE, requiredClusterType=UNKNOWN, serverSelectionTimeout='30000 ms'}
2022-01-29 18:57:55.001  INFO 11356 --- [cluster-rtt-ClusterId{value='61f540da5405d21b878bd7d9', description='null'}-localhost:27017] org.mongodb.driver.connection            : Opened connection [connectionId{localValue:1, serverValue:8}] to localhost:27017
2022-01-29 18:57:55.001  INFO 11356 --- [cluster-ClusterId{value='61f540da5405d21b878bd7d9', description='null'}-localhost:27017] org.mongodb.driver.connection            : Opened connection [connectionId{localValue:2, serverValue:9}] to localhost:27017
2022-01-29 18:57:55.002  INFO 11356 --- [cluster-ClusterId{value='61f540da5405d21b878bd7d9', description='null'}-localhost:27017] org.mongodb.driver.cluster               : Monitor thread successfully connected to server with description ServerDescription{address=localhost:27017, type=STANDALONE, state=CONNECTED, ok=true, minWireVersion=0, maxWireVersion=13, maxDocumentSize=16777216, logicalSessionTimeoutMinutes=30, roundTripTimeNanos=19455458}
2022-01-29 18:57:55.832  INFO 11356 --- [main] o.a.k.clients.consumer.ConsumerConfig    : ConsumerConfig values: 
	allow.auto.create.topics = true
	auto.commit.interval.ms = 5000
	auto.offset.reset = latest
	bootstrap.servers = [127.0.0.1:9092]
	check.crcs = true
	client.dns.lookup = use_all_dns_ips
	client.id = consumer-SpringGroup-1
	client.rack = 
	connections.max.idle.ms = 540000
	default.api.timeout.ms = 60000
	enable.auto.commit = false
	exclude.internal.topics = true
	fetch.max.bytes = 52428800
	fetch.max.wait.ms = 500
	fetch.min.bytes = 1
	group.id = SpringGroup
	group.instance.id = null
	heartbeat.interval.ms = 3000
	interceptor.classes = []
	internal.leave.group.on.close = true
	internal.throw.on.fetch.stable.offset.unsupported = false
	isolation.level = read_uncommitted
	key.deserializer = class org.apache.kafka.common.serialization.StringDeserializer
	max.partition.fetch.bytes = 1048576
	max.poll.interval.ms = 300000
	max.poll.records = 500
	metadata.max.age.ms = 300000
	metric.reporters = []
	metrics.num.samples = 2
	metrics.recording.level = INFO
	metrics.sample.window.ms = 30000
	partition.assignment.strategy = [class org.apache.kafka.clients.consumer.RangeAssignor, class org.apache.kafka.clients.consumer.CooperativeStickyAssignor]
	receive.buffer.bytes = 65536
	reconnect.backoff.max.ms = 1000
	reconnect.backoff.ms = 50
	request.timeout.ms = 30000
	retry.backoff.ms = 100
	sasl.client.callback.handler.class = null
	sasl.jaas.config = null
	sasl.kerberos.kinit.cmd = /usr/bin/kinit
	sasl.kerberos.min.time.before.relogin = 60000
	sasl.kerberos.service.name = null
	sasl.kerberos.ticket.renew.jitter = 0.05
	sasl.kerberos.ticket.renew.window.factor = 0.8
	sasl.login.callback.handler.class = null
	sasl.login.class = null
	sasl.login.refresh.buffer.seconds = 300
	sasl.login.refresh.min.period.seconds = 60
	sasl.login.refresh.window.factor = 0.8
	sasl.login.refresh.window.jitter = 0.05
	sasl.mechanism = GSSAPI
	security.protocol = PLAINTEXT
	security.providers = null
	send.buffer.bytes = 131072
	session.timeout.ms = 45000
	socket.connection.setup.timeout.max.ms = 30000
	socket.connection.setup.timeout.ms = 10000
	ssl.cipher.suites = null
	ssl.enabled.protocols = [TLSv1.2]
	ssl.endpoint.identification.algorithm = https
	ssl.engine.factory.class = null
	ssl.key.password = null
	ssl.keymanager.algorithm = SunX509
	ssl.keystore.certificate.chain = null
	ssl.keystore.key = null
	ssl.keystore.location = null
	ssl.keystore.password = null
	ssl.keystore.type = JKS
	ssl.protocol = TLSv1.2
	ssl.provider = null
	ssl.secure.random.implementation = null
	ssl.trustmanager.algorithm = PKIX
	ssl.truststore.certificates = null
	ssl.truststore.location = null
	ssl.truststore.password = null
	ssl.truststore.type = JKS
	value.deserializer = class org.springframework.kafka.support.serializer.JsonDeserializer

2022-01-29 18:57:55.890  INFO 11356 --- [main] o.a.kafka.common.utils.AppInfoParser     : Kafka version: 3.0.0
2022-01-29 18:57:55.891  INFO 11356 --- [main] o.a.kafka.common.utils.AppInfoParser     : Kafka commitId: 8cb0a5e9d3441962
2022-01-29 18:57:55.891  INFO 11356 --- [main] o.a.kafka.common.utils.AppInfoParser     : Kafka startTimeMs: 1643462875888
2022-01-29 18:57:55.893  INFO 11356 --- [main] o.a.k.clients.consumer.KafkaConsumer     : [Consumer clientId=consumer-SpringGroup-1, groupId=SpringGroup] Subscribed to topic(s): SpringTask
2022-01-29 18:57:55.915  INFO 11356 --- [main] o.s.b.w.embedded.tomcat.TomcatWebServer  : Tomcat started on port(s): 8081 (http) with context path ''
2022-01-29 18:57:55.934  INFO 11356 --- [main] ucerConsumerSpringBootProjectApplication : Started KafkaProducerConsumerSpringBootProjectApplication in 2.98 seconds (JVM running for 3.607)
2022-01-29 18:57:56.184  INFO 11356 --- [org.springframework.kafka.KafkaListenerEndpointContainer#0-0-C-1] org.apache.kafka.clients.Metadata        : [Consumer clientId=consumer-SpringGroup-1, groupId=SpringGroup] Cluster ID: f7wm9SpkTuulmuD4h_tAnw
2022-01-29 18:57:56.185  INFO 11356 --- [org.springframework.kafka.KafkaListenerEndpointContainer#0-0-C-1] o.a.k.c.c.internals.ConsumerCoordinator  : [Consumer clientId=consumer-SpringGroup-1, groupId=SpringGroup] Discovered group coordinator localhost:9092 (id: 2147483646 rack: null)
2022-01-29 18:57:56.187  INFO 11356 --- [org.springframework.kafka.KafkaListenerEndpointContainer#0-0-C-1] o.a.k.c.c.internals.ConsumerCoordinator  : [Consumer clientId=consumer-SpringGroup-1, groupId=SpringGroup] (Re-)joining group
2022-01-29 18:57:56.219  INFO 11356 --- [org.springframework.kafka.KafkaListenerEndpointContainer#0-0-C-1] o.a.k.c.c.internals.ConsumerCoordinator  : [Consumer clientId=consumer-SpringGroup-1, groupId=SpringGroup] Request joining group due to: need to re-join with the given member-id
2022-01-29 18:57:56.219  INFO 11356 --- [org.springframework.kafka.KafkaListenerEndpointContainer#0-0-C-1] o.a.k.c.c.internals.ConsumerCoordinator  : [Consumer clientId=consumer-SpringGroup-1, groupId=SpringGroup] (Re-)joining group
2022-01-29 18:57:56.267  INFO 11356 --- [org.springframework.kafka.KafkaListenerEndpointContainer#0-0-C-1] o.a.k.c.c.internals.ConsumerCoordinator  : [Consumer clientId=consumer-SpringGroup-1, groupId=SpringGroup] Successfully joined group with generation Generation{generationId=3, memberId='consumer-SpringGroup-1-59c5caa4-0ada-4511-a5ec-11fdad79f95d', protocol='range'}
2022-01-29 18:57:56.269  INFO 11356 --- [org.springframework.kafka.KafkaListenerEndpointContainer#0-0-C-1] o.a.k.c.c.internals.ConsumerCoordinator  : [Consumer clientId=consumer-SpringGroup-1, groupId=SpringGroup] Finished assignment for group at generation 3: {consumer-SpringGroup-1-59c5caa4-0ada-4511-a5ec-11fdad79f95d=Assignment(partitions=[SpringTask-0])}
2022-01-29 18:57:56.373  INFO 11356 --- [org.springframework.kafka.KafkaListenerEndpointContainer#0-0-C-1] o.a.k.c.c.internals.ConsumerCoordinator  : [Consumer clientId=consumer-SpringGroup-1, groupId=SpringGroup] Successfully synced group in generation Generation{generationId=3, memberId='consumer-SpringGroup-1-59c5caa4-0ada-4511-a5ec-11fdad79f95d', protocol='range'}
2022-01-29 18:57:56.374  INFO 11356 --- [org.springframework.kafka.KafkaListenerEndpointContainer#0-0-C-1] o.a.k.c.c.internals.ConsumerCoordinator  : [Consumer clientId=consumer-SpringGroup-1, groupId=SpringGroup] Notifying assignor about the new Assignment(partitions=[SpringTask-0])
2022-01-29 18:57:56.376  INFO 11356 --- [org.springframework.kafka.KafkaListenerEndpointContainer#0-0-C-1] o.a.k.c.c.internals.ConsumerCoordinator  : [Consumer clientId=consumer-SpringGroup-1, groupId=SpringGroup] Adding newly assigned partitions: SpringTask-0
2022-01-29 18:57:56.402  INFO 11356 --- [org.springframework.kafka.KafkaListenerEndpointContainer#0-0-C-1] o.a.k.c.c.internals.ConsumerCoordinator  : [Consumer clientId=consumer-SpringGroup-1, groupId=SpringGroup] Setting offset for partition SpringTask-0 to the committed offset FetchPosition{offset=1, offsetEpoch=Optional.empty, currentLeader=LeaderAndEpoch{leader=Optional[localhost:9092 (id: 1 rack: null)], epoch=0}}
2022-01-29 18:57:56.403  INFO 11356 --- [org.springframework.kafka.KafkaListenerEndpointContainer#0-0-C-1] o.s.k.l.KafkaMessageListenerContainer    : SpringGroup: partitions assigned: [SpringTask-0]
2022-01-29 18:59:42.285  INFO 11356 --- [http-nio-8081-exec-2] o.a.c.c.C.[Tomcat].[localhost].[/]       : Initializing Spring DispatcherServlet 'dispatcherServlet'
2022-01-29 18:59:42.287  INFO 11356 --- [http-nio-8081-exec-2] o.s.web.servlet.DispatcherServlet        : Initializing Servlet 'dispatcherServlet'
2022-01-29 18:59:42.293  INFO 11356 --- [http-nio-8081-exec-2] o.s.web.servlet.DispatcherServlet        : Completed initialization in 6 ms
2022-01-29 18:59:42.334  INFO 11356 --- [http-nio-8081-exec-2] com.kafka.controller.UserController      : Getting All user Details 
2022-01-29 18:59:42.401  INFO 11356 --- [http-nio-8081-exec-2] org.mongodb.driver.connection            : Opened connection [connectionId{localValue:3, serverValue:10}] to localhost:27017
2022-01-29 19:00:31.180  INFO 11356 --- [http-nio-8081-exec-3] o.a.k.clients.producer.ProducerConfig    : ProducerConfig values: 
	acks = -1
	batch.size = 16384
	bootstrap.servers = [127.0.0.1:9092]
	buffer.memory = 33554432
	client.dns.lookup = use_all_dns_ips
	client.id = producer-1
	compression.type = none
	connections.max.idle.ms = 540000
	delivery.timeout.ms = 120000
	enable.idempotence = true
	interceptor.classes = []
	key.serializer = class org.apache.kafka.common.serialization.StringSerializer
	linger.ms = 0
	max.block.ms = 60000
	max.in.flight.requests.per.connection = 5
	max.request.size = 1048576
	metadata.max.age.ms = 300000
	metadata.max.idle.ms = 300000
	metric.reporters = []
	metrics.num.samples = 2
	metrics.recording.level = INFO
	metrics.sample.window.ms = 30000
	partitioner.class = class org.apache.kafka.clients.producer.internals.DefaultPartitioner
	receive.buffer.bytes = 32768
	reconnect.backoff.max.ms = 1000
	reconnect.backoff.ms = 50
	request.timeout.ms = 30000
	retries = 2147483647
	retry.backoff.ms = 100
	sasl.client.callback.handler.class = null
	sasl.jaas.config = null
	sasl.kerberos.kinit.cmd = /usr/bin/kinit
	sasl.kerberos.min.time.before.relogin = 60000
	sasl.kerberos.service.name = null
	sasl.kerberos.ticket.renew.jitter = 0.05
	sasl.kerberos.ticket.renew.window.factor = 0.8
	sasl.login.callback.handler.class = null
	sasl.login.class = null
	sasl.login.refresh.buffer.seconds = 300
	sasl.login.refresh.min.period.seconds = 60
	sasl.login.refresh.window.factor = 0.8
	sasl.login.refresh.window.jitter = 0.05
	sasl.mechanism = GSSAPI
	security.protocol = PLAINTEXT
	security.providers = null
	send.buffer.bytes = 131072
	socket.connection.setup.timeout.max.ms = 30000
	socket.connection.setup.timeout.ms = 10000
	ssl.cipher.suites = null
	ssl.enabled.protocols = [TLSv1.2]
	ssl.endpoint.identification.algorithm = https
	ssl.engine.factory.class = null
	ssl.key.password = null
	ssl.keymanager.algorithm = SunX509
	ssl.keystore.certificate.chain = null
	ssl.keystore.key = null
	ssl.keystore.location = null
	ssl.keystore.password = null
	ssl.keystore.type = JKS
	ssl.protocol = TLSv1.2
	ssl.provider = null
	ssl.secure.random.implementation = null
	ssl.trustmanager.algorithm = PKIX
	ssl.truststore.certificates = null
	ssl.truststore.location = null
	ssl.truststore.password = null
	ssl.truststore.type = JKS
	transaction.timeout.ms = 60000
	transactional.id = null
	value.serializer = class org.springframework.kafka.support.serializer.JsonSerializer

2022-01-29 19:00:31.214  INFO 11356 --- [http-nio-8081-exec-3] o.a.kafka.common.utils.AppInfoParser     : Kafka version: 3.0.0
2022-01-29 19:00:31.216  INFO 11356 --- [http-nio-8081-exec-3] o.a.kafka.common.utils.AppInfoParser     : Kafka commitId: 8cb0a5e9d3441962
2022-01-29 19:00:31.216  INFO 11356 --- [http-nio-8081-exec-3] o.a.kafka.common.utils.AppInfoParser     : Kafka startTimeMs: 1643463031214
2022-01-29 19:00:31.260  INFO 11356 --- [kafka-producer-network-thread | producer-1] org.apache.kafka.clients.Metadata        : [Producer clientId=producer-1] Cluster ID: f7wm9SpkTuulmuD4h_tAnw
2022-01-29 19:00:31.270  INFO 11356 --- [http-nio-8081-exec-3] com.kafka.controller.UserController      : Adding new User
2022-01-29 19:04:50.815  INFO 11356 --- [http-nio-8081-exec-9] com.kafka.controller.UserController      : Updating User Details
2022-01-29 19:06:06.266  INFO 11356 --- [http-nio-8081-exec-5] com.kafka.controller.UserController      : Deleting User
2022-01-29 19:06:22.735  INFO 11356 --- [http-nio-8081-exec-6] com.kafka.controller.UserController      : Deleting User
2022-01-29 19:06:31.073  INFO 11356 --- [http-nio-8081-exec-7] com.kafka.controller.UserController      : Deleting User
2022-01-29 19:07:11.566  INFO 11356 --- [RMI TCP Connection(14)-127.0.0.1] inMXBeanRegistrar$SpringApplicationAdmin : Application shutdown requested.
2022-01-29 19:07:11.598  INFO 11356 --- [org.springframework.kafka.KafkaListenerEndpointContainer#0-0-C-1] o.a.k.c.c.internals.ConsumerCoordinator  : [Consumer clientId=consumer-SpringGroup-1, groupId=SpringGroup] Revoke previously assigned partitions SpringTask-0
2022-01-29 19:07:11.599  INFO 11356 --- [org.springframework.kafka.KafkaListenerEndpointContainer#0-0-C-1] o.s.k.l.KafkaMessageListenerContainer    : SpringGroup: partitions revoked: [SpringTask-0]
2022-01-29 19:07:11.600  INFO 11356 --- [org.springframework.kafka.KafkaListenerEndpointContainer#0-0-C-1] o.a.k.c.c.internals.ConsumerCoordinator  : [Consumer clientId=consumer-SpringGroup-1, groupId=SpringGroup] Member consumer-SpringGroup-1-59c5caa4-0ada-4511-a5ec-11fdad79f95d sending LeaveGroup request to coordinator localhost:9092 (id: 2147483646 rack: null) due to the consumer unsubscribed from all topics
2022-01-29 19:07:11.601  INFO 11356 --- [org.springframework.kafka.KafkaListenerEndpointContainer#0-0-C-1] o.a.k.c.c.internals.ConsumerCoordinator  : [Consumer clientId=consumer-SpringGroup-1, groupId=SpringGroup] Resetting generation due to: consumer pro-actively leaving the group
2022-01-29 19:07:11.601  INFO 11356 --- [org.springframework.kafka.KafkaListenerEndpointContainer#0-0-C-1] o.a.k.c.c.internals.ConsumerCoordinator  : [Consumer clientId=consumer-SpringGroup-1, groupId=SpringGroup] Request joining group due to: consumer pro-actively leaving the group
2022-01-29 19:07:11.602  INFO 11356 --- [org.springframework.kafka.KafkaListenerEndpointContainer#0-0-C-1] o.a.k.clients.consumer.KafkaConsumer     : [Consumer clientId=consumer-SpringGroup-1, groupId=SpringGroup] Unsubscribed all topics or patterns and assigned partitions
2022-01-29 19:07:11.603  INFO 11356 --- [org.springframework.kafka.KafkaListenerEndpointContainer#0-0-C-1] o.a.k.c.c.internals.ConsumerCoordinator  : [Consumer clientId=consumer-SpringGroup-1, groupId=SpringGroup] Resetting generation due to: consumer pro-actively leaving the group
2022-01-29 19:07:11.603  INFO 11356 --- [org.springframework.kafka.KafkaListenerEndpointContainer#0-0-C-1] o.a.k.c.c.internals.ConsumerCoordinator  : [Consumer clientId=consumer-SpringGroup-1, groupId=SpringGroup] Request joining group due to: consumer pro-actively leaving the group
2022-01-29 19:07:11.701  INFO 11356 --- [org.springframework.kafka.KafkaListenerEndpointContainer#0-0-C-1] org.apache.kafka.common.metrics.Metrics  : Metrics scheduler closed
2022-01-29 19:07:11.702  INFO 11356 --- [org.springframework.kafka.KafkaListenerEndpointContainer#0-0-C-1] org.apache.kafka.common.metrics.Metrics  : Closing reporter org.apache.kafka.common.metrics.JmxReporter
2022-01-29 19:07:11.702  INFO 11356 --- [org.springframework.kafka.KafkaListenerEndpointContainer#0-0-C-1] org.apache.kafka.common.metrics.Metrics  : Metrics reporters closed
2022-01-29 19:07:11.714  INFO 11356 --- [org.springframework.kafka.KafkaListenerEndpointContainer#0-0-C-1] o.a.kafka.common.utils.AppInfoParser     : App info kafka.consumer for consumer-SpringGroup-1 unregistered
2022-01-29 19:07:11.716  INFO 11356 --- [org.springframework.kafka.KafkaListenerEndpointContainer#0-0-C-1] o.s.k.l.KafkaMessageListenerContainer    : SpringGroup: Consumer stopped
2022-01-29 19:07:11.728  INFO 11356 --- [RMI TCP Connection(14)-127.0.0.1] o.a.k.clients.producer.KafkaProducer     : [Producer clientId=producer-1] Closing the Kafka producer with timeoutMillis = 30000 ms.
2022-01-29 19:07:11.733  INFO 11356 --- [RMI TCP Connection(14)-127.0.0.1] org.apache.kafka.common.metrics.Metrics  : Metrics scheduler closed
2022-01-29 19:07:11.734  INFO 11356 --- [RMI TCP Connection(14)-127.0.0.1] org.apache.kafka.common.metrics.Metrics  : Closing reporter org.apache.kafka.common.metrics.JmxReporter
2022-01-29 19:07:11.734  INFO 11356 --- [RMI TCP Connection(14)-127.0.0.1] org.apache.kafka.common.metrics.Metrics  : Metrics reporters closed
2022-01-29 19:07:11.735  INFO 11356 --- [RMI TCP Connection(14)-127.0.0.1] o.a.kafka.common.utils.AppInfoParser     : App info kafka.producer for producer-1 unregistered
